INFO:root:Total Images : 16
INFO:root:IMAGE 00:Calibrating Image
DEBUG:root:ProjectionMatrix : [[-6.04322416e+02  3.13397314e+03  9.33850029e+02  1.78710771e+02]
 [-3.08602553e+03 -2.05839788e+02 -1.23824718e+03  3.71273243e+01]
 [-4.03315365e-01 -2.39841306e-01  8.83069362e-01  6.73097816e-01]]
DEBUG:root:Optical Centre : [ 0.24337816  0.17014064 -0.60485952  1.        ]
DEBUG:root:Optical Axis : [-0.40331536 -0.23984131  0.88306936]
INFO:root:IMAGE 01:Calibrating Image
DEBUG:root:ProjectionMatrix : [[-9.92931130e+02  3.11000105e+03  6.33285381e+02  1.61355839e+02]
 [-2.33379750e+03 -2.43095768e+02 -2.36505075e+03  2.73536918e+01]
 [-7.16012082e-01 -2.58781379e-01  6.48350496e-01  6.59314087e-01]]
DEBUG:root:Optical Centre : [ 0.44798827  0.18263167 -0.44927458  1.        ]
DEBUG:root:Optical Axis : [-0.71601208 -0.25878138  0.6483505 ]
INFO:root:IMAGE 02:Calibrating Image
DEBUG:root:ProjectionMatrix : [[-1.22933223e+03  3.08329199e+03  2.02784015e+02  1.44512314e+02]
 [-1.19486338e+03 -2.51939273e+02 -3.09967571e+03  3.72127006e+01]
 [-9.09078106e-01 -2.80020268e-01  3.08489955e-01  6.45855775e-01]]
DEBUG:root:Optical Centre : [ 0.57352219  0.19659982 -0.22505554  1.        ]
DEBUG:root:Optical Axis : [-0.90907811 -0.28002027  0.30848995]
INFO:root:IMAGE 03:Calibrating Image
DEBUG:root:ProjectionMatrix : [[-1.27438303e+03  3.05826838e+03 -2.86372771e+02  1.30969102e+02]
 [ 1.42195072e+02 -2.30906018e+02 -3.32048479e+03  6.50719216e+01]
 [-9.50546067e-01 -3.00041295e-01 -8.02390383e-02  6.34951274e-01]]
DEBUG:root:Optical Centre : [0.59919435 0.20973229 0.03067201 1.        ]
DEBUG:root:Optical Axis : [-0.95054607 -0.30004129 -0.08023904]
INFO:root:IMAGE 04:Calibrating Image
DEBUG:root:ProjectionMatrix : [[-1.12062415e+03  3.03907355e+03 -7.53191650e+02  1.22968654e+02]
 [ 1.45599115e+03 -1.83478638e+02 -2.99091700e+03  1.06318495e+02]
 [-8.33549816e-01 -3.15529428e-01 -4.53471732e-01  6.28406122e-01]]
DEBUG:root:Optical Centre : [0.52075402 0.21985463 0.27556536 1.        ]
DEBUG:root:Optical Axis : [-0.83354982 -0.31552943 -0.45347173]
INFO:root:IMAGE 05:Calibrating Image
DEBUG:root:ProjectionMatrix : [[-7.93514570e+02  3.02888574e+03 -1.12037801e+03  1.21835663e+02]
 [ 2.52899001e+03 -1.17510030e+02 -2.16554130e+03  1.54122925e+02]
 [-5.77461278e-01 -3.23920184e-01 -7.49409260e-01  6.27304048e-01]]
DEBUG:root:Optical Centre : [0.35118914 0.22529082 0.46907571 1.        ]
DEBUG:root:Optical Axis : [-0.57746128 -0.32392018 -0.74940926]
INFO:root:IMAGE 06:Calibrating Image
DEBUG:root:ProjectionMatrix : [[-3.47216250e+02  3.02939182e+03 -1.32713406e+03  1.27757727e+02]
 [ 3.18352726e+03 -4.39231072e+01 -9.81021262e+02  2.00569876e+02]
 [-2.24682929e-01 -3.23824244e-01 -9.19051039e-01  6.31827531e-01]]
DEBUG:root:Optical Centre : [0.11857582 0.22514073 0.57916211 1.        ]
DEBUG:root:Optical Axis : [-0.22468293 -0.32382424 -0.91905104]
INFO:root:IMAGE 07:Calibrating Image
DEBUG:root:ProjectionMatrix : [[ 1.44373897e+02  3.04050799e+03 -1.33922568e+03  1.39754285e+02]
 [ 3.31122630e+03  2.50977998e+01  3.66513379e+02  2.37968784e+02]
 [ 1.66373110e-01 -3.15257491e-01 -9.34308225e-01  6.41227584e-01]]
DEBUG:root:Optical Centre : [-0.13857043  0.21942923  0.58759676  1.        ]
DEBUG:root:Optical Axis : [ 0.16637311 -0.31525749 -0.93430823]
INFO:root:IMAGE 08:Calibrating Image
DEBUG:root:ProjectionMatrix : [[ 5.99859654e+02  3.06039367e+03 -1.15465076e+03  1.55838979e+02]
 [ 2.89094307e+03  7.81243885e+01  1.65394134e+03  2.60127233e+02]
 [ 5.30956798e-01 -2.99638388e-01 -7.92654572e-01  6.53947772e-01]]
DEBUG:root:Optical Centre : [-0.377672    0.20910201  0.49298305  1.        ]
DEBUG:root:Optical Axis : [ 0.5309568  -0.29963839 -0.79265457]
INFO:root:IMAGE 09:Calibrating Image
DEBUG:root:ProjectionMatrix : [[ 9.43822873e+02  3.08575623e+03 -8.03970745e+02  1.73348547e+02]
 [ 1.99226697e+03  1.06376654e+02  2.66809364e+03  2.63376286e+02]
 [ 8.08701315e-01 -2.79553104e-01 -5.17544724e-01  6.67881918e-01]]
DEBUG:root:Optical Centre : [-0.55913907  0.19586902  0.31098688  1.        ]
DEBUG:root:Optical Axis : [ 0.80870131 -0.2795531  -0.51754472]
INFO:root:IMAGE 10:Calibrating Image
DEBUG:root:ProjectionMatrix : [[ 1.11931102e+03  3.11239622e+03 -3.45250316e+02  1.89383801e+02]
 [ 7.63998451e+02  1.05176661e+02  3.24104960e+03  2.47177973e+02]
 [ 9.53618447e-01 -2.58327309e-01 -1.54530654e-01  6.80722842e-01]]
DEBUG:root:Optical Centre : [-0.65292481  0.18192135  0.07174271  1.        ]
DEBUG:root:Optical Axis : [ 0.95361845 -0.25832731 -0.15453065]
INFO:root:IMAGE 11:Calibrating Image
DEBUG:root:ProjectionMatrix : [[ 1.09726722e+03  3.13590265e+03  1.45556791e+02  2.01289664e+02]
 [-5.90488981e+02  7.47230996e+01  3.27794064e+03  2.14214369e+02]
 [ 9.41713192e-01 -2.39475514e-01  2.36280713e-01  6.90344379e-01]]
DEBUG:root:Optical Centre : [-0.6435004   0.16956842 -0.18513604  1.        ]
DEBUG:root:Optical Axis : [ 0.94171319 -0.23947551  0.23628071]
INFO:root:IMAGE 12:Calibrating Image
DEBUG:root:ProjectionMatrix : [[ 8.81341452e+02  3.15238338e+03  5.87183997e+02  2.07094795e+02]
 [-1.84692277e+03  2.00583948e+01  2.77265847e+03  1.69943503e+02]
 [ 7.74956801e-01 -2.26119152e-01  5.90179833e-01  6.95153419e-01]]
DEBUG:root:Optical Centre : [-0.53242634  0.16085559 -0.41711605  1.        ]
DEBUG:root:Optical Axis : [ 0.7749568  -0.22611915  0.59017983]
INFO:root:IMAGE 13:Calibrating Image
DEBUG:root:ProjectionMatrix : [[ 5.07286114e+02  3.15910959e+03  9.06507853e+02  2.05837996e+02]
 [-2.79726599e+03 -4.97662185e+01  1.80886637e+03  1.21695626e+02]
 [ 4.80960350e-01 -2.20469732e-01  8.48569041e-01  6.94353693e-01]]
DEBUG:root:Optical Centre : [-0.33809395  0.1572255  -0.58578668  1.        ]
DEBUG:root:Optical Axis : [ 0.48096035 -0.22046973  0.84856904]
INFO:root:IMAGE 14:Calibrating Image
DEBUG:root:ProjectionMatrix : [[ 3.70363242e+01  3.15496756e+03  1.05065553e+03  1.97727364e+02]
 [-3.28416322e+03 -1.23189361e+02  5.46146537e+02  7.74594992e+01]
 [ 1.08403011e-01 -2.23462672e-01  9.68664908e-01  6.88077618e-01]]
DEBUG:root:Optical Centre : [-0.09268031  0.15927923 -0.66321989  1.        ]
DEBUG:root:Optical Axis : [ 0.10840301 -0.22346267  0.96866491]
INFO:root:IMAGE 15:Calibrating Image
DEBUG:root:ProjectionMatrix : [[-4.51545180e+02  3.14064311e+03  9.95759420e+02  1.84105836e+02]
 [-3.22699528e+03 -1.88053819e+02 -8.06423173e+02  4.45596239e+01]
 [-2.81028142e-01 -2.34602408e-01  9.30582271e-01  6.77364371e-01]]
DEBUG:root:Optical Centre : [ 0.16317965  0.16667672 -0.63659448  1.        ]
DEBUG:root:Optical Axis : [-0.28102814 -0.23460241  0.93058227]
INFO:root:IMAGE 00:Applying Harris Corners Detection
INFO:root:IMAGE 01:Applying Harris Corners Detection
INFO:root:IMAGE 02:Applying Harris Corners Detection
INFO:root:IMAGE 03:Applying Harris Corners Detection
INFO:root:IMAGE 04:Applying Harris Corners Detection
INFO:root:IMAGE 05:Applying Harris Corners Detection
INFO:root:IMAGE 06:Applying Harris Corners Detection
INFO:root:IMAGE 07:Applying Harris Corners Detection
INFO:root:IMAGE 08:Applying Harris Corners Detection
INFO:root:IMAGE 09:Applying Harris Corners Detection
INFO:root:IMAGE 10:Applying Harris Corners Detection
INFO:root:IMAGE 11:Applying Harris Corners Detection
INFO:root:IMAGE 12:Applying Harris Corners Detection
INFO:root:IMAGE 13:Applying Harris Corners Detection
INFO:root:IMAGE 14:Applying Harris Corners Detection
INFO:root:IMAGE 15:Applying Harris Corners Detection
DEBUG:root:Angle between Image 0 and Image 1 : 52.90598295871405
DEBUG:root:Angle between Image 0 and Image 2 : 40.46363293336874
DEBUG:root:Angle between Image 0 and Image 3 : 22.02882308853422
DEBUG:root:Angle between Image 0 and Image 4 : 0.6539422090214361
DEBUG:root:Angle between Image 0 and Image 5 : -20.121814324688476
DEBUG:root:Angle between Image 0 and Image 6 : -36.8584499155805
DEBUG:root:Angle between Image 0 and Image 7 : -46.78475597780058
DEBUG:root:Angle between Image 0 and Image 8 : -48.2571605738436
DEBUG:root:Angle between Image 0 and Image 9 : -41.0318667807111
DEBUG:root:Angle between Image 0 and Image 10 : -26.30521995025764
DEBUG:root:Angle between Image 0 and Image 11 : -6.515619957760558
DEBUG:root:Angle between Image 0 and Image 12 : 15.060221800594018
DEBUG:root:Angle between Image 0 and Image 13 : 34.849835381623826
DEBUG:root:Angle between Image 0 and Image 14 : 49.57650713918916
DEBUG:root:Angle between Image 0 and Image 15 : 56.80183307064631
INFO:root:IMAGE 00:Total Number of Potentially Possible Images : 5
INFO:root:IMAGE 00:Computing Features Pair with <feature.Feature object at 0x000002041ABEEFD0>
DEBUG:root:Feature Coordinate : [320.58029175 241.55754089   1.        ]
INFO:root:IMAGE 00:Computing Fundamental Matrix with IMAGE 01
DEBUG:root:Fundamental Matrix : [[ 1.28860284e-08  1.85135801e-06  2.94878301e-02]
 [ 1.74386296e-06 -1.88413137e-08 -2.34381473e-03]
 [-3.03005833e-02 -2.16543647e-03  1.00000000e+00]]
DEBUG:root:Epiline : [ 2.99391706e-02 -1.78931790e-03 -9.23684733e+00]
INFO:root:IMAGE 00:Computing Fundamental Matrix with IMAGE 02
DEBUG:root:Fundamental Matrix : [[ 1.28860284e-08  1.82332379e-06  1.38952834e-02]
 [ 1.77189718e-06 -1.88413137e-08 -2.29729449e-03]
 [-1.47080366e-02 -2.21195671e-03  1.00000000e+00]]
DEBUG:root:Epiline : [ 1.43398520e-02 -1.73381044e-03 -4.24942149e+00]
